[debug] [2024-07-12T20:23:54.285Z] ----------------------------------------------------------------------
[debug] [2024-07-12T20:23:54.290Z] Command:       C:\Program Files\nodejs\node.exe C:\Users\dbreg\AppData\Roaming\npm\node_modules\firebase-tools\lib\bin\firebase.js init hosting
[debug] [2024-07-12T20:23:54.292Z] CLI Version:   13.13.2
[debug] [2024-07-12T20:23:54.293Z] Platform:      win32
[debug] [2024-07-12T20:23:54.293Z] Node Version:  v20.12.0
[debug] [2024-07-12T20:23:54.293Z] Time:          Sat Jul 13 2024 00:23:54 GMT+0400 (Georgia Standard Time)
[debug] [2024-07-12T20:23:54.294Z] ----------------------------------------------------------------------
[debug] 
[debug] [2024-07-12T20:23:54.310Z] > command requires scopes: ["email","openid","https://www.googleapis.com/auth/cloudplatformprojects.readonly","https://www.googleapis.com/auth/firebase","https://www.googleapis.com/auth/cloud-platform"]
[debug] [2024-07-12T20:23:54.311Z] > authorizing via signed-in user (uyus.info@gmail.com)
[info] 
     ######## #### ########  ######## ########     ###     ######  ########
     ##        ##  ##     ## ##       ##     ##  ##   ##  ##       ##
     ######    ##  ########  ######   ########  #########  ######  ######
     ##        ##  ##    ##  ##       ##     ## ##     ##       ## ##
     ##       #### ##     ## ######## ########  ##     ##  ######  ########

You're about to initialize a Firebase project in this directory:

  C:\Users\dbreg\OneDrive\Desktop\uyustools-main

[info] 
=== Project Setup
[info] 
[info] First, let's associate this project directory with a Firebase project.
[info] You can create multiple project aliases by running firebase use --add, 
[info] but for now we'll just set up a default project.
[info] 
[debug] [2024-07-12T20:24:09.987Z] >>> [apiv2][query] GET https://firebase.googleapis.com/v1beta1/projects pageSize=100
[debug] [2024-07-12T20:24:10.637Z] <<< [apiv2][status] GET https://firebase.googleapis.com/v1beta1/projects 200
[debug] [2024-07-12T20:24:10.638Z] <<< [apiv2][body] GET https://firebase.googleapis.com/v1beta1/projects [omitted]
